Using pre-set license
Built from '2022.3/release' branch; Version is '2022.3.18f1 (d29bea25151d) revision 13802474'; Using compiler version '192829333'; Build Type 'Release'
OS: 'Windows 11  (10.0.22631) 64bit Core' Language: 'en' Physical Memory: 7532 MB
BatchMode: 1, IsHumanControllingUs: 0, StartBugReporterOnCrash: 0, Is64bit: 1, IsPro: 1

COMMAND LINE ARGUMENTS:
C:\Program Files\Unity\Hub\Editor\2022.3.18f1\Editor\Unity.exe
-adb2
-batchMode
-noUpm
-name
AssetImportWorker2
-projectPath
C:/Users/TeamR/Documents/Unity Projects/boom-rocket/Boom Rocket
-logFile
Logs/AssetImportWorker2.log
-srvPort
62363
Successfully changed project path to: C:/Users/TeamR/Documents/Unity Projects/boom-rocket/Boom Rocket
C:/Users/TeamR/Documents/Unity Projects/boom-rocket/Boom Rocket
[UnityMemory] Configuration Parameters - Can be set up in boot.config
    "memorysetup-bucket-allocator-granularity=16"
    "memorysetup-bucket-allocator-bucket-count=8"
    "memorysetup-bucket-allocator-block-size=33554432"
    "memorysetup-bucket-allocator-block-count=8"
    "memorysetup-main-allocator-block-size=16777216"
    "memorysetup-thread-allocator-block-size=16777216"
    "memorysetup-gfx-main-allocator-block-size=16777216"
    "memorysetup-gfx-thread-allocator-block-size=16777216"
    "memorysetup-cache-allocator-block-size=4194304"
    "memorysetup-typetree-allocator-block-size=2097152"
    "memorysetup-profiler-bucket-allocator-granularity=16"
    "memorysetup-profiler-bucket-allocator-bucket-count=8"
    "memorysetup-profiler-bucket-allocator-block-size=33554432"
    "memorysetup-profiler-bucket-allocator-block-count=8"
    "memorysetup-profiler-allocator-block-size=16777216"
    "memorysetup-profiler-editor-allocator-block-size=1048576"
    "memorysetup-temp-allocator-size-main=16777216"
    "memorysetup-job-temp-allocator-block-size=2097152"
    "memorysetup-job-temp-allocator-block-size-background=1048576"
    "memorysetup-job-temp-allocator-reduction-small-platforms=262144"
    "memorysetup-allocator-temp-initial-block-size-main=262144"
    "memorysetup-allocator-temp-initial-block-size-worker=262144"
    "memorysetup-temp-allocator-size-background-worker=32768"
    "memorysetup-temp-allocator-size-job-worker=262144"
    "memorysetup-temp-allocator-size-preload-manager=33554432"
    "memorysetup-temp-allocator-size-nav-mesh-worker=65536"
    "memorysetup-temp-allocator-size-audio-worker=65536"
    "memorysetup-temp-allocator-size-cloud-worker=32768"
    "memorysetup-temp-allocator-size-gi-baking-worker=262144"
    "memorysetup-temp-allocator-size-gfx=262144"
Player connection [17600] Host "[IP] 10.50.220.76 [Port] 0 [Flags] 2 [Guid] 3897286703 [EditorId] 3897286703 [Version] 1048832 [Id] WindowsEditor(7,Jordy) [Debug] 1 [PackageName] WindowsEditor [ProjectName] Editor" joined multi-casting on [225.0.0.222:54997]...

Player connection [17600] Host "[IP] 10.50.220.76 [Port] 0 [Flags] 2 [Guid] 3897286703 [EditorId] 3897286703 [Version] 1048832 [Id] WindowsEditor(7,Jordy) [Debug] 1 [PackageName] WindowsEditor [ProjectName] Editor" joined alternative multi-casting on [225.0.0.222:34997]...

[Physics::Module] Initialized MultithreadedJobDispatcher with 11 workers.
Refreshing native plugins compatible for Editor in 34.49 ms, found 3 plugins.
Preloading 0 native plugins for Editor in 0.00 ms.
Initialize engine version: 2022.3.18f1 (d29bea25151d)
[Subsystems] Discovering subsystems at path C:/Program Files/Unity/Hub/Editor/2022.3.18f1/Editor/Data/Resources/UnitySubsystems
[Subsystems] Discovering subsystems at path C:/Users/TeamR/Documents/Unity Projects/boom-rocket/Boom Rocket/Assets
GfxDevice: creating device client; threaded=0; jobified=0
Direct3D:
    Version:  Direct3D 11.0 [level 11.1]
    Renderer: NVIDIA GeForce RTX 3060 Laptop GPU (ID=0x2520)
    Vendor:   NVIDIA
    VRAM:     6010 MB
    Driver:   31.0.15.4633
Initialize mono
Mono path[0] = 'C:/Program Files/Unity/Hub/Editor/2022.3.18f1/Editor/Data/Managed'
Mono path[1] = 'C:/Program Files/Unity/Hub/Editor/2022.3.18f1/Editor/Data/MonoBleedingEdge/lib/mono/unityjit-win32'
Mono config path = 'C:/Program Files/Unity/Hub/Editor/2022.3.18f1/Editor/Data/MonoBleedingEdge/etc'
Using monoOptions --debugger-agent=transport=dt_socket,embedding=1,server=y,suspend=n,address=127.0.0.1:56260
Begin MonoManager ReloadAssembly
Registering precompiled unity dll's ...
Register platform support module: C:/Program Files/Unity/Hub/Editor/2022.3.18f1/Editor/Data/PlaybackEngines/WebGLSupport/UnityEditor.WebGL.Extensions.dll
Register platform support module: C:/Program Files/Unity/Hub/Editor/2022.3.18f1/Editor/Data/PlaybackEngines/WindowsStandaloneSupport/UnityEditor.WindowsStandalone.Extensions.dll
Registered in 0.020857 seconds.
- Loaded All Assemblies, in  0.819 seconds
Native extension for WindowsStandalone target not found
Native extension for WebGL target not found
Mono: successfully reloaded assembly
- Finished resetting the current domain, in  0.577 seconds
Domain Reload Profiling: 1395ms
	BeginReloadAssembly (271ms)
		ExecutionOrderSort (0ms)
		DisableScriptedObjects (0ms)
		BackupInstance (0ms)
		ReleaseScriptingObjects (0ms)
		CreateAndSetChildDomain (1ms)
	RebuildCommonClasses (66ms)
	RebuildNativeTypeToScriptingClass (24ms)
	initialDomainReloadingComplete (135ms)
	LoadAllAssembliesAndSetupDomain (321ms)
		LoadAssemblies (268ms)
		RebuildTransferFunctionScriptingTraits (0ms)
		AnalyzeDomain (317ms)
			TypeCache.Refresh (314ms)
				TypeCache.ScanAssembly (289ms)
			ScanForSourceGeneratedMonoScriptInfo (1ms)
			ResolveRequiredComponents (1ms)
	FinalizeReload (578ms)
		ReleaseScriptCaches (0ms)
		RebuildScriptCaches (0ms)
		SetupLoadedEditorAssemblies (459ms)
			LogAssemblyErrors (0ms)
			InitializePlatformSupportModulesInManaged (21ms)
			SetLoadedEditorAssemblies (10ms)
			RefreshPlugins (0ms)
			BeforeProcessingInitializeOnLoad (5ms)
			ProcessInitializeOnLoadAttributes (327ms)
			ProcessInitializeOnLoadMethodAttributes (96ms)
			AfterProcessingInitializeOnLoad (0ms)
			EditorAssembliesLoaded (0ms)
		ExecutionOrderSort2 (0ms)
		AwakeInstancesAfterBackupRestoration (0ms)
========================================================================
Worker process is ready to serve import requests
Begin MonoManager ReloadAssembly
- Loaded All Assemblies, in  1.612 seconds
Refreshing native plugins compatible for Editor in 11.81 ms, found 3 plugins.
Native extension for WindowsStandalone target not found
Native extension for WebGL target not found
Package Manager log level set to [2]
[Package Manager] Server::EnsureServerProcessIsRunning -- launch failed, reason: Unity was launched with the -noUpm command-line argument
[Package Manager] UpmClient::Send -- Unable to send message (not connected to UPM process).
[Package Manager] Cannot connect to Unity Package Manager local server
Mono: successfully reloaded assembly
- Finished resetting the current domain, in  1.743 seconds
Domain Reload Profiling: 3349ms
	BeginReloadAssembly (300ms)
		ExecutionOrderSort (0ms)
		DisableScriptedObjects (11ms)
		BackupInstance (0ms)
		ReleaseScriptingObjects (0ms)
		CreateAndSetChildDomain (36ms)
	RebuildCommonClasses (87ms)
	RebuildNativeTypeToScriptingClass (28ms)
	initialDomainReloadingComplete (81ms)
	LoadAllAssembliesAndSetupDomain (1109ms)
		LoadAssemblies (725ms)
		RebuildTransferFunctionScriptingTraits (0ms)
		AnalyzeDomain (562ms)
			TypeCache.Refresh (497ms)
				TypeCache.ScanAssembly (451ms)
			ScanForSourceGeneratedMonoScriptInfo (43ms)
			ResolveRequiredComponents (19ms)
	FinalizeReload (1744ms)
		ReleaseScriptCaches (0ms)
		RebuildScriptCaches (0ms)
		SetupLoadedEditorAssemblies (1389ms)
			LogAssemblyErrors (0ms)
			InitializePlatformSupportModulesInManaged (14ms)
			SetLoadedEditorAssemblies (7ms)
			RefreshPlugins (0ms)
			BeforeProcessingInitializeOnLoad (121ms)
			ProcessInitializeOnLoadAttributes (1194ms)
			ProcessInitializeOnLoadMethodAttributes (42ms)
			AfterProcessingInitializeOnLoad (11ms)
			EditorAssembliesLoaded (0ms)
		ExecutionOrderSort2 (0ms)
		AwakeInstancesAfterBackupRestoration (12ms)
Launched and connected shader compiler UnityShaderCompiler.exe after 0.08 seconds
Refreshing native plugins compatible for Editor in 16.17 ms, found 3 plugins.
Preloading 0 native plugins for Editor in 0.00 ms.
Unloading 4003 Unused Serialized files (Serialized files now loaded: 0)
Unloading 57 unused Assets / (186.0 KB). Loaded Objects now: 4466.
Memory consumption went from 151.0 MB to 150.8 MB.
Total: 7.314400 ms (FindLiveObjects: 0.415400 ms CreateObjectMapping: 0.232100 ms MarkObjects: 6.404300 ms  DeleteObjects: 0.261300 ms)

AssetImportParameters requested are different than current active one (requested -> active):
  custom:container-demuxer-ogg: 62fdf1f143b41e24485cea50d1cbac27 -> 
  custom:video-decoder-ogg-theora: a1e56fd34408186e4bbccfd4996cb3dc -> 
  custom:framework-win-MediaFoundation: 216162199b28c13a410421893ffa2e32 -> 
  custom:CustomObjectIndexerAttribute: 6d391050e5a25f67b0a2c618074f2cd9 -> 
  custom:container-demuxer-webm: 4f35f7cbe854078d1ac9338744f61a02 -> 
  custom:container-muxer-webm: aa71ff27fc2769a1b78a27578f13a17b -> 
  custom:video-decoder-webm-vp8: 9c59270c3fd7afecdb556c50c9e8de78 -> 
  custom:SearchIndexIgnoredProperties: e643bd26f0fe6173181afceb89e7c659 -> 
  custom:AudioImporter_EditorPlatform: d09bf68614088b80899f8185d706f6e7 -> 
  custom:video-encoder-webm-vp8: eb34c28f22e8b96e1ab97ce403110664 -> 
  custom:audio-decoder-ogg-vorbis: bf7c407c2cedff20999df2af8eb42d56 -> 
  custom:audio-encoder-webm-vorbis: bf7c407c2cedff20999df2af8eb42d56 -> 
========================================================================
Received Import Request.
  Time since last request: 184632.161886 seconds.
  path: Assets/Ultimate Platformer Pack by Quaternius/Ultimate Platformer Pack - Dec 2021/Level and Mechanics/OBJ/Pipe_90.obj
  artifactKey: Guid(113926469ebd0da4f99aef36cc817cb6) Importer(815301076,1909f56bfc062723c751e8b465ee728b)
Start importing Assets/Ultimate Platformer Pack by Quaternius/Ultimate Platformer Pack - Dec 2021/Level and Mechanics/OBJ/Pipe_90.obj using Guid(113926469ebd0da4f99aef36cc817cb6) Importer(815301076,1909f56bfc062723c751e8b465ee728b)  -> (artifact id: '535ca50fd0e7204e4bd4958e8af54b82') in 0.446427 seconds
Number of updated asset objects reloaded before import = 0
Number of asset objects unloaded after import = 10
========================================================================
Received Import Request.
  Time since last request: 0.000050 seconds.
  path: Assets/Ultimate Platformer Pack by Quaternius/Ultimate Platformer Pack - Dec 2021/Level and Mechanics/OBJ/Stairs_Modular_Middle.obj
  artifactKey: Guid(c840f63f6b6a84e4c93ef943b63350b4) Importer(815301076,1909f56bfc062723c751e8b465ee728b)
Start importing Assets/Ultimate Platformer Pack by Quaternius/Ultimate Platformer Pack - Dec 2021/Level and Mechanics/OBJ/Stairs_Modular_Middle.obj using Guid(c840f63f6b6a84e4c93ef943b63350b4) Importer(815301076,1909f56bfc062723c751e8b465ee728b)  -> (artifact id: '56f34e78615d59b403d5d769d2632cc0') in 0.048067 seconds
Number of updated asset objects reloaded before import = 0
Number of asset objects unloaded after import = 10
========================================================================
Received Import Request.
  Time since last request: 0.000043 seconds.
  path: Assets/Ultimate Platformer Pack by Quaternius/Ultimate Platformer Pack - Dec 2021/Level and Mechanics/OBJ/Stairs_Modular_End.obj
  artifactKey: Guid(5818ba293aba35b45b0df5581bd6add4) Importer(815301076,1909f56bfc062723c751e8b465ee728b)
Start importing Assets/Ultimate Platformer Pack by Quaternius/Ultimate Platformer Pack - Dec 2021/Level and Mechanics/OBJ/Stairs_Modular_End.obj using Guid(5818ba293aba35b45b0df5581bd6add4) Importer(815301076,1909f56bfc062723c751e8b465ee728b)  -> (artifact id: '0f97d95744e8711e3a398b61692ac519') in 0.051249 seconds
Number of updated asset objects reloaded before import = 0
Number of asset objects unloaded after import = 10
========================================================================
Received Import Request.
  Time since last request: 0.000031 seconds.
  path: Assets/Ultimate Platformer Pack by Quaternius/Ultimate Platformer Pack - Dec 2021/Level and Mechanics/OBJ/Stairs_Modular_Start.obj
  artifactKey: Guid(e14286fbd1d46764daf8f5d577c87f49) Importer(815301076,1909f56bfc062723c751e8b465ee728b)
Start importing Assets/Ultimate Platformer Pack by Quaternius/Ultimate Platformer Pack - Dec 2021/Level and Mechanics/OBJ/Stairs_Modular_Start.obj using Guid(e14286fbd1d46764daf8f5d577c87f49) Importer(815301076,1909f56bfc062723c751e8b465ee728b)  -> (artifact id: '8009c7ea2387fa510ba30a7038e36632') in 0.044397 seconds
Number of updated asset objects reloaded before import = 0
Number of asset objects unloaded after import = 10
========================================================================
Received Import Request.
  Time since last request: 5.924471 seconds.
  path: Assets/Ultimate Platformer Pack by Quaternius/Ultimate Platformer Pack - Dec 2021/Level and Mechanics/Blends
  artifactKey: Guid(7f6b4286793a79c42a3c2fd7b8028bac) Importer(815301076,1909f56bfc062723c751e8b465ee728b)
Start importing Assets/Ultimate Platformer Pack by Quaternius/Ultimate Platformer Pack - Dec 2021/Level and Mechanics/Blends using Guid(7f6b4286793a79c42a3c2fd7b8028bac) Importer(815301076,1909f56bfc062723c751e8b465ee728b)  -> (artifact id: '4dabac36d4cc6ed0c6328c950abda186') in 0.001009 seconds
Number of updated asset objects reloaded before import = 0
Number of asset objects unloaded after import = 0
========================================================================
Received Import Request.
  Time since last request: 30.965003 seconds.
  path: Assets/Ultimate Platformer Pack by Quaternius/Ultimate Platformer Pack - Dec 2021/Level and Mechanics/FBX
  artifactKey: Guid(d6f401b0eec12c74dbae0c82e1c9c14d) Importer(815301076,1909f56bfc062723c751e8b465ee728b)
Start importing Assets/Ultimate Platformer Pack by Quaternius/Ultimate Platformer Pack - Dec 2021/Level and Mechanics/FBX using Guid(d6f401b0eec12c74dbae0c82e1c9c14d) Importer(815301076,1909f56bfc062723c751e8b465ee728b)  -> (artifact id: 'f21394917112ccb60ec77ffe2adbbabd') in 0.000934 seconds
Number of updated asset objects reloaded before import = 0
Number of asset objects unloaded after import = 0
========================================================================
Received Import Request.
  Time since last request: 0.163721 seconds.
  path: Assets/Ultimate Platformer Pack by Quaternius/Ultimate Platformer Pack - Dec 2021/Level and Mechanics/FBX/Arrow.fbx
  artifactKey: Guid(e9c787369eb742b41823618f974e67c0) Importer(815301076,1909f56bfc062723c751e8b465ee728b)
Start importing Assets/Ultimate Platformer Pack by Quaternius/Ultimate Platformer Pack - Dec 2021/Level and Mechanics/FBX/Arrow.fbx using Guid(e9c787369eb742b41823618f974e67c0) Importer(815301076,1909f56bfc062723c751e8b465ee728b)  -> (artifact id: '3f5a72e8724db481cf38c9b64183664d') in 0.104708 seconds
Number of updated asset objects reloaded before import = 0
Number of asset objects unloaded after import = 8
========================================================================
Received Import Request.
  Time since last request: 0.000042 seconds.
  path: Assets/Ultimate Platformer Pack by Quaternius/Ultimate Platformer Pack - Dec 2021/Level and Mechanics/FBX/Numbers_4.fbx
  artifactKey: Guid(d1e8039298af6ad4f8495f67ee60f431) Importer(815301076,1909f56bfc062723c751e8b465ee728b)
Start importing Assets/Ultimate Platformer Pack by Quaternius/Ultimate Platformer Pack - Dec 2021/Level and Mechanics/FBX/Numbers_4.fbx using Guid(d1e8039298af6ad4f8495f67ee60f431) Importer(815301076,1909f56bfc062723c751e8b465ee728b)  -> (artifact id: '74900070166f6359791b8c1412890cfc') in 0.239609 seconds
Number of updated asset objects reloaded before import = 0
Number of asset objects unloaded after import = 8
========================================================================
Received Import Request.
  Time since last request: 0.000532 seconds.
  path: Assets/Ultimate Platformer Pack by Quaternius/Ultimate Platformer Pack - Dec 2021/Level and Mechanics/FBX/Numbers_3.fbx
  artifactKey: Guid(8359eaf167f50b04c81198a09262c90d) Importer(815301076,1909f56bfc062723c751e8b465ee728b)
Start importing Assets/Ultimate Platformer Pack by Quaternius/Ultimate Platformer Pack - Dec 2021/Level and Mechanics/FBX/Numbers_3.fbx using Guid(8359eaf167f50b04c81198a09262c90d) Importer(815301076,1909f56bfc062723c751e8b465ee728b)  -> (artifact id: '2ba86c7cdfde87ad40e1479b2f4eb694') in 0.080610 seconds
Number of updated asset objects reloaded before import = 0
Number of asset objects unloaded after import = 8
========================================================================
Received Import Request.
  Time since last request: 0.000037 seconds.
  path: Assets/Ultimate Platformer Pack by Quaternius/Ultimate Platformer Pack - Dec 2021/Level and Mechanics/FBX/Numbers_9.fbx
  artifactKey: Guid(bfea7960089dd054f9e92a91414159de) Importer(815301076,1909f56bfc062723c751e8b465ee728b)
Start importing Assets/Ultimate Platformer Pack by Quaternius/Ultimate Platformer Pack - Dec 2021/Level and Mechanics/FBX/Numbers_9.fbx using Guid(bfea7960089dd054f9e92a91414159de) Importer(815301076,1909f56bfc062723c751e8b465ee728b)  -> (artifact id: '81ed39819293c2ddd32ca4baa2a6b4c2') in 0.048028 seconds
Number of updated asset objects reloaded before import = 0
Number of asset objects unloaded after import = 8
========================================================================
Received Import Request.
  Time since last request: 0.000034 seconds.
  path: Assets/Ultimate Platformer Pack by Quaternius/Ultimate Platformer Pack - Dec 2021/Level and Mechanics/FBX/Bridge_Small.fbx
  artifactKey: Guid(7d7e5aecf4685a5489aab6622f084ef1) Importer(815301076,1909f56bfc062723c751e8b465ee728b)
Start importing Assets/Ultimate Platformer Pack by Quaternius/Ultimate Platformer Pack - Dec 2021/Level and Mechanics/FBX/Bridge_Small.fbx using Guid(7d7e5aecf4685a5489aab6622f084ef1) Importer(815301076,1909f56bfc062723c751e8b465ee728b)  -> (artifact id: '478a76eaddee22c952bf15c255a28ff9') in 0.048634 seconds
Number of updated asset objects reloaded before import = 0
Number of asset objects unloaded after import = 8
========================================================================
Received Import Request.
  Time since last request: 0.000032 seconds.
  path: Assets/Ultimate Platformer Pack by Quaternius/Ultimate Platformer Pack - Dec 2021/Level and Mechanics/FBX/Spikes.fbx
  artifactKey: Guid(292a181e62edd5f4e8ea3a0d7def2277) Importer(815301076,1909f56bfc062723c751e8b465ee728b)
Start importing Assets/Ultimate Platformer Pack by Quaternius/Ultimate Platformer Pack - Dec 2021/Level and Mechanics/FBX/Spikes.fbx using Guid(292a181e62edd5f4e8ea3a0d7def2277) Importer(815301076,1909f56bfc062723c751e8b465ee728b)  -> (artifact id: '524bdbc6416e2d83eefe1c3a1a0bc151') in 0.048052 seconds
Number of updated asset objects reloaded before import = 0
Number of asset objects unloaded after import = 8
========================================================================
Received Import Request.
  Time since last request: 0.000040 seconds.
  path: Assets/Ultimate Platformer Pack by Quaternius/Ultimate Platformer Pack - Dec 2021/Level and Mechanics/FBX/Fence_1.fbx
  artifactKey: Guid(228ddd604280f2d4aa50f7d2390afe99) Importer(815301076,1909f56bfc062723c751e8b465ee728b)
Start importing Assets/Ultimate Platformer Pack by Quaternius/Ultimate Platformer Pack - Dec 2021/Level and Mechanics/FBX/Fence_1.fbx using Guid(228ddd604280f2d4aa50f7d2390afe99) Importer(815301076,1909f56bfc062723c751e8b465ee728b)  -> (artifact id: '1858bfbf14ed201ecfc5810de076ab37') in 0.059491 seconds
Number of updated asset objects reloaded before import = 0
Number of asset objects unloaded after import = 9
========================================================================
Received Import Request.
  Time since last request: 0.000060 seconds.
  path: Assets/Ultimate Platformer Pack by Quaternius/Ultimate Platformer Pack - Dec 2021/Level and Mechanics/FBX/Hazard_SpikeTrap.fbx
  artifactKey: Guid(f3446a21588b9a84780b66b71d4df44b) Importer(815301076,1909f56bfc062723c751e8b465ee728b)
Start importing Assets/Ultimate Platformer Pack by Quaternius/Ultimate Platformer Pack - Dec 2021/Level and Mechanics/FBX/Hazard_SpikeTrap.fbx using Guid(f3446a21588b9a84780b66b71d4df44b) Importer(815301076,1909f56bfc062723c751e8b465ee728b)  -> (artifact id: '8529faef579c1d3172fd9f2edd5463b2') in 0.085095 seconds
Number of updated asset objects reloaded before import = 0
Number of asset objects unloaded after import = 20
========================================================================
Received Import Request.
  Time since last request: 0.000036 seconds.
  path: Assets/Ultimate Platformer Pack by Quaternius/Ultimate Platformer Pack - Dec 2021/Level and Mechanics/FBX/Numbers_8.fbx
  artifactKey: Guid(6d0a587f0dd53d3409a9a87abbc1969d) Importer(815301076,1909f56bfc062723c751e8b465ee728b)
Start importing Assets/Ultimate Platformer Pack by Quaternius/Ultimate Platformer Pack - Dec 2021/Level and Mechanics/FBX/Numbers_8.fbx using Guid(6d0a587f0dd53d3409a9a87abbc1969d) Importer(815301076,1909f56bfc062723c751e8b465ee728b)  -> (artifact id: '2a42283c248f7802e62ee1d6ad3c34e5') in 0.041388 seconds
Number of updated asset objects reloaded before import = 0
Number of asset objects unloaded after import = 8
========================================================================
Received Import Request.
  Time since last request: 0.000035 seconds.
  path: Assets/Ultimate Platformer Pack by Quaternius/Ultimate Platformer Pack - Dec 2021/Level and Mechanics/FBX/Pipe_End.fbx
  artifactKey: Guid(503e2b46469df6c4d86e6c44d670f230) Importer(815301076,1909f56bfc062723c751e8b465ee728b)
Start importing Assets/Ultimate Platformer Pack by Quaternius/Ultimate Platformer Pack - Dec 2021/Level and Mechanics/FBX/Pipe_End.fbx using Guid(503e2b46469df6c4d86e6c44d670f230) Importer(815301076,1909f56bfc062723c751e8b465ee728b)  -> (artifact id: '95c3674339323f3473c9f72df48a89a5') in 0.065251 seconds
Number of updated asset objects reloaded before import = 0
Number of asset objects unloaded after import = 9
========================================================================
Received Import Request.
  Time since last request: 0.000042 seconds.
  path: Assets/Ultimate Platformer Pack by Quaternius/Ultimate Platformer Pack - Dec 2021/Level and Mechanics/FBX/Bouncer.fbx
  artifactKey: Guid(047239f9fd77ef54f8d0b01b40525071) Importer(815301076,1909f56bfc062723c751e8b465ee728b)
Start importing Assets/Ultimate Platformer Pack by Quaternius/Ultimate Platformer Pack - Dec 2021/Level and Mechanics/FBX/Bouncer.fbx using Guid(047239f9fd77ef54f8d0b01b40525071) Importer(815301076,1909f56bfc062723c751e8b465ee728b)  -> (artifact id: 'fadbcdcaedd0d41645e69bfdc725155e') in 0.065952 seconds
Number of updated asset objects reloaded before import = 0
Number of asset objects unloaded after import = 22
========================================================================
Received Import Request.
  Time since last request: 0.000055 seconds.
  path: Assets/Ultimate Platformer Pack by Quaternius/Ultimate Platformer Pack - Dec 2021/Level and Mechanics/FBX/Numbers_7.fbx
  artifactKey: Guid(5f849990e453df34f83a6047586bad28) Importer(815301076,1909f56bfc062723c751e8b465ee728b)
Start importing Assets/Ultimate Platformer Pack by Quaternius/Ultimate Platformer Pack - Dec 2021/Level and Mechanics/FBX/Numbers_7.fbx using Guid(5f849990e453df34f83a6047586bad28) Importer(815301076,1909f56bfc062723c751e8b465ee728b)  -> (artifact id: '7ca8d9c27f9745ec494a32c15c5a9bcb') in 0.041651 seconds
Number of updated asset objects reloaded before import = 0
Number of asset objects unloaded after import = 8
========================================================================
Received Import Request.
  Time since last request: 0.000044 seconds.
  path: Assets/Ultimate Platformer Pack by Quaternius/Ultimate Platformer Pack - Dec 2021/Level and Mechanics/FBX/Cannonball.fbx
  artifactKey: Guid(8129ac3d5275ecd4b89710b7bcfb0839) Importer(815301076,1909f56bfc062723c751e8b465ee728b)
Start importing Assets/Ultimate Platformer Pack by Quaternius/Ultimate Platformer Pack - Dec 2021/Level and Mechanics/FBX/Cannonball.fbx using Guid(8129ac3d5275ecd4b89710b7bcfb0839) Importer(815301076,1909f56bfc062723c751e8b465ee728b)  -> (artifact id: '451e87dd9bd1fe1abf0e0b261cb0c059') in 0.040578 seconds
Number of updated asset objects reloaded before import = 0
Number of asset objects unloaded after import = 8
Editor requested this worker to shutdown with reason: Scaling down because of idle timeout
TcpMessagingSession - receive error: operation aborted. errorcode: 995, details: The I/O operation has been aborted because of either a thread exit or an application request.
AssetImportWorker is now disconnected from the server
Process exiting
Exiting without the bug reporter. Application will terminate with return code 0