Using pre-set license
Built from '2022.3/release' branch; Version is '2022.3.18f1 (d29bea25151d) revision 13802474'; Using compiler version '192829333'; Build Type 'Release'
OS: 'Windows 11  (10.0.22631) 64bit Core' Language: 'en' Physical Memory: 7532 MB
BatchMode: 1, IsHumanControllingUs: 0, StartBugReporterOnCrash: 0, Is64bit: 1, IsPro: 1

COMMAND LINE ARGUMENTS:
C:\Program Files\Unity\Hub\Editor\2022.3.18f1\Editor\Unity.exe
-adb2
-batchMode
-noUpm
-name
AssetImportWorker1
-projectPath
C:/Users/TeamR/Documents/Unity Projects/boom-rocket/Boom Rocket
-logFile
Logs/AssetImportWorker1.log
-srvPort
62363
Successfully changed project path to: C:/Users/TeamR/Documents/Unity Projects/boom-rocket/Boom Rocket
C:/Users/TeamR/Documents/Unity Projects/boom-rocket/Boom Rocket
[UnityMemory] Configuration Parameters - Can be set up in boot.config
    "memorysetup-bucket-allocator-granularity=16"
    "memorysetup-bucket-allocator-bucket-count=8"
    "memorysetup-bucket-allocator-block-size=33554432"
    "memorysetup-bucket-allocator-block-count=8"
    "memorysetup-main-allocator-block-size=16777216"
    "memorysetup-thread-allocator-block-size=16777216"
    "memorysetup-gfx-main-allocator-block-size=16777216"
    "memorysetup-gfx-thread-allocator-block-size=16777216"
    "memorysetup-cache-allocator-block-size=4194304"
    "memorysetup-typetree-allocator-block-size=2097152"
    "memorysetup-profiler-bucket-allocator-granularity=16"
    "memorysetup-profiler-bucket-allocator-bucket-count=8"
    "memorysetup-profiler-bucket-allocator-block-size=33554432"
    "memorysetup-profiler-bucket-allocator-block-count=8"
    "memorysetup-profiler-allocator-block-size=16777216"
    "memorysetup-profiler-editor-allocator-block-size=1048576"
    "memorysetup-temp-allocator-size-main=16777216"
    "memorysetup-job-temp-allocator-block-size=2097152"
    "memorysetup-job-temp-allocator-block-size-background=1048576"
    "memorysetup-job-temp-allocator-reduction-small-platforms=262144"
    "memorysetup-allocator-temp-initial-block-size-main=262144"
    "memorysetup-allocator-temp-initial-block-size-worker=262144"
    "memorysetup-temp-allocator-size-background-worker=32768"
    "memorysetup-temp-allocator-size-job-worker=262144"
    "memorysetup-temp-allocator-size-preload-manager=33554432"
    "memorysetup-temp-allocator-size-nav-mesh-worker=65536"
    "memorysetup-temp-allocator-size-audio-worker=65536"
    "memorysetup-temp-allocator-size-cloud-worker=32768"
    "memorysetup-temp-allocator-size-gi-baking-worker=262144"
    "memorysetup-temp-allocator-size-gfx=262144"
Player connection [6404] Host "[IP] 10.50.220.76 [Port] 0 [Flags] 2 [Guid] 2828613826 [EditorId] 2828613826 [Version] 1048832 [Id] WindowsEditor(7,Jordy) [Debug] 1 [PackageName] WindowsEditor [ProjectName] Editor" joined multi-casting on [225.0.0.222:54997]...

Player connection [6404] Host "[IP] 10.50.220.76 [Port] 0 [Flags] 2 [Guid] 2828613826 [EditorId] 2828613826 [Version] 1048832 [Id] WindowsEditor(7,Jordy) [Debug] 1 [PackageName] WindowsEditor [ProjectName] Editor" joined alternative multi-casting on [225.0.0.222:34997]...

[Physics::Module] Initialized MultithreadedJobDispatcher with 11 workers.
Refreshing native plugins compatible for Editor in 37.45 ms, found 3 plugins.
Preloading 0 native plugins for Editor in 0.00 ms.
Initialize engine version: 2022.3.18f1 (d29bea25151d)
[Subsystems] Discovering subsystems at path C:/Program Files/Unity/Hub/Editor/2022.3.18f1/Editor/Data/Resources/UnitySubsystems
[Subsystems] Discovering subsystems at path C:/Users/TeamR/Documents/Unity Projects/boom-rocket/Boom Rocket/Assets
GfxDevice: creating device client; threaded=0; jobified=0
Direct3D:
    Version:  Direct3D 11.0 [level 11.1]
    Renderer: NVIDIA GeForce RTX 3060 Laptop GPU (ID=0x2520)
    Vendor:   NVIDIA
    VRAM:     6010 MB
    Driver:   31.0.15.4633
Initialize mono
Mono path[0] = 'C:/Program Files/Unity/Hub/Editor/2022.3.18f1/Editor/Data/Managed'
Mono path[1] = 'C:/Program Files/Unity/Hub/Editor/2022.3.18f1/Editor/Data/MonoBleedingEdge/lib/mono/unityjit-win32'
Mono config path = 'C:/Program Files/Unity/Hub/Editor/2022.3.18f1/Editor/Data/MonoBleedingEdge/etc'
Using monoOptions --debugger-agent=transport=dt_socket,embedding=1,server=y,suspend=n,address=127.0.0.1:56392
Begin MonoManager ReloadAssembly
Registering precompiled unity dll's ...
Register platform support module: C:/Program Files/Unity/Hub/Editor/2022.3.18f1/Editor/Data/PlaybackEngines/WebGLSupport/UnityEditor.WebGL.Extensions.dll
Register platform support module: C:/Program Files/Unity/Hub/Editor/2022.3.18f1/Editor/Data/PlaybackEngines/WindowsStandaloneSupport/UnityEditor.WindowsStandalone.Extensions.dll
Registered in 0.022253 seconds.
- Loaded All Assemblies, in  0.794 seconds
Native extension for WindowsStandalone target not found
Native extension for WebGL target not found
Mono: successfully reloaded assembly
- Finished resetting the current domain, in  0.576 seconds
Domain Reload Profiling: 1368ms
	BeginReloadAssembly (255ms)
		ExecutionOrderSort (0ms)
		DisableScriptedObjects (0ms)
		BackupInstance (0ms)
		ReleaseScriptingObjects (0ms)
		CreateAndSetChildDomain (3ms)
	RebuildCommonClasses (65ms)
	RebuildNativeTypeToScriptingClass (20ms)
	initialDomainReloadingComplete (145ms)
	LoadAllAssembliesAndSetupDomain (306ms)
		LoadAssemblies (248ms)
		RebuildTransferFunctionScriptingTraits (0ms)
		AnalyzeDomain (301ms)
			TypeCache.Refresh (299ms)
				TypeCache.ScanAssembly (277ms)
			ScanForSourceGeneratedMonoScriptInfo (1ms)
			ResolveRequiredComponents (1ms)
	FinalizeReload (577ms)
		ReleaseScriptCaches (0ms)
		RebuildScriptCaches (0ms)
		SetupLoadedEditorAssemblies (474ms)
			LogAssemblyErrors (0ms)
			InitializePlatformSupportModulesInManaged (19ms)
			SetLoadedEditorAssemblies (9ms)
			RefreshPlugins (0ms)
			BeforeProcessingInitializeOnLoad (4ms)
			ProcessInitializeOnLoadAttributes (335ms)
			ProcessInitializeOnLoadMethodAttributes (106ms)
			AfterProcessingInitializeOnLoad (0ms)
			EditorAssembliesLoaded (0ms)
		ExecutionOrderSort2 (0ms)
		AwakeInstancesAfterBackupRestoration (0ms)
========================================================================
Worker process is ready to serve import requests
Begin MonoManager ReloadAssembly
- Loaded All Assemblies, in  2.321 seconds
Refreshing native plugins compatible for Editor in 8.61 ms, found 3 plugins.
Native extension for WindowsStandalone target not found
Native extension for WebGL target not found
Package Manager log level set to [2]
[Package Manager] Server::EnsureServerProcessIsRunning -- launch failed, reason: Unity was launched with the -noUpm command-line argument
[Package Manager] UpmClient::Send -- Unable to send message (not connected to UPM process).
[Package Manager] Cannot connect to Unity Package Manager local server
Mono: successfully reloaded assembly
- Finished resetting the current domain, in  2.298 seconds
Domain Reload Profiling: 4616ms
	BeginReloadAssembly (334ms)
		ExecutionOrderSort (0ms)
		DisableScriptedObjects (11ms)
		BackupInstance (0ms)
		ReleaseScriptingObjects (0ms)
		CreateAndSetChildDomain (40ms)
	RebuildCommonClasses (90ms)
	RebuildNativeTypeToScriptingClass (35ms)
	initialDomainReloadingComplete (142ms)
	LoadAllAssembliesAndSetupDomain (1714ms)
		LoadAssemblies (1159ms)
		RebuildTransferFunctionScriptingTraits (0ms)
		AnalyzeDomain (771ms)
			TypeCache.Refresh (717ms)
				TypeCache.ScanAssembly (684ms)
			ScanForSourceGeneratedMonoScriptInfo (41ms)
			ResolveRequiredComponents (10ms)
	FinalizeReload (2302ms)
		ReleaseScriptCaches (0ms)
		RebuildScriptCaches (0ms)
		SetupLoadedEditorAssemblies (1871ms)
			LogAssemblyErrors (0ms)
			InitializePlatformSupportModulesInManaged (17ms)
			SetLoadedEditorAssemblies (8ms)
			RefreshPlugins (0ms)
			BeforeProcessingInitializeOnLoad (186ms)
			ProcessInitializeOnLoadAttributes (1555ms)
			ProcessInitializeOnLoadMethodAttributes (82ms)
			AfterProcessingInitializeOnLoad (22ms)
			EditorAssembliesLoaded (1ms)
		ExecutionOrderSort2 (0ms)
		AwakeInstancesAfterBackupRestoration (22ms)
Launched and connected shader compiler UnityShaderCompiler.exe after 0.12 seconds
Refreshing native plugins compatible for Editor in 20.19 ms, found 3 plugins.
Preloading 0 native plugins for Editor in 0.00 ms.
Unloading 4003 Unused Serialized files (Serialized files now loaded: 0)
Unloading 57 unused Assets / (169.8 KB). Loaded Objects now: 4466.
Memory consumption went from 151.0 MB to 150.8 MB.
Total: 44.624800 ms (FindLiveObjects: 11.932300 ms CreateObjectMapping: 0.579800 ms MarkObjects: 20.690300 ms  DeleteObjects: 11.417600 ms)

AssetImportParameters requested are different than current active one (requested -> active):
  custom:container-demuxer-ogg: 62fdf1f143b41e24485cea50d1cbac27 -> 
  custom:video-decoder-ogg-theora: a1e56fd34408186e4bbccfd4996cb3dc -> 
  custom:framework-win-MediaFoundation: 216162199b28c13a410421893ffa2e32 -> 
  custom:CustomObjectIndexerAttribute: 6d391050e5a25f67b0a2c618074f2cd9 -> 
  custom:container-demuxer-webm: 4f35f7cbe854078d1ac9338744f61a02 -> 
  custom:container-muxer-webm: aa71ff27fc2769a1b78a27578f13a17b -> 
  custom:video-decoder-webm-vp8: 9c59270c3fd7afecdb556c50c9e8de78 -> 
  custom:SearchIndexIgnoredProperties: e643bd26f0fe6173181afceb89e7c659 -> 
  custom:AudioImporter_EditorPlatform: d09bf68614088b80899f8185d706f6e7 -> 
  custom:video-encoder-webm-vp8: eb34c28f22e8b96e1ab97ce403110664 -> 
  custom:audio-decoder-ogg-vorbis: bf7c407c2cedff20999df2af8eb42d56 -> 
  custom:audio-encoder-webm-vorbis: bf7c407c2cedff20999df2af8eb42d56 -> 
========================================================================
Received Import Request.
  Time since last request: 184605.774919 seconds.
  path: Assets/Ultimate Platformer Pack by Quaternius/Ultimate Platformer Pack - Dec 2021/Preview.jpg
  artifactKey: Guid(5d79af1c521c21544beb890e4c90539d) Importer(815301076,1909f56bfc062723c751e8b465ee728b)
Start importing Assets/Ultimate Platformer Pack by Quaternius/Ultimate Platformer Pack - Dec 2021/Preview.jpg using Guid(5d79af1c521c21544beb890e4c90539d) Importer(815301076,1909f56bfc062723c751e8b465ee728b)  -> (artifact id: '45cc128085083276e07496ee1caa9f01') in 0.167204 seconds
Number of updated asset objects reloaded before import = 0
Number of asset objects unloaded after import = 2
========================================================================
Received Import Request.
  Time since last request: 13.823656 seconds.
  path: Assets/Ultimate Platformer Pack by Quaternius/Ultimate Platformer Pack - Dec 2021/Level and Mechanics/OBJ/Arrow_Side.obj
  artifactKey: Guid(9d5cae5367c5edd41beb8b4701f5143c) Importer(815301076,1909f56bfc062723c751e8b465ee728b)
Start importing Assets/Ultimate Platformer Pack by Quaternius/Ultimate Platformer Pack - Dec 2021/Level and Mechanics/OBJ/Arrow_Side.obj using Guid(9d5cae5367c5edd41beb8b4701f5143c) Importer(815301076,1909f56bfc062723c751e8b465ee728b)  -> (artifact id: '58b204ecf8e4d41e8c802509961c7e26') in 0.725541 seconds
Number of updated asset objects reloaded before import = 0
Number of asset objects unloaded after import = 11
========================================================================
Received Import Request.
  Time since last request: 0.000042 seconds.
  path: Assets/Ultimate Platformer Pack by Quaternius/Ultimate Platformer Pack - Dec 2021/Level and Mechanics/OBJ/Bomb.obj
  artifactKey: Guid(8630e9e4bbb1a8f47a32e4779a39054b) Importer(815301076,1909f56bfc062723c751e8b465ee728b)
Start importing Assets/Ultimate Platformer Pack by Quaternius/Ultimate Platformer Pack - Dec 2021/Level and Mechanics/OBJ/Bomb.obj using Guid(8630e9e4bbb1a8f47a32e4779a39054b) Importer(815301076,1909f56bfc062723c751e8b465ee728b)  -> (artifact id: '99ea2938a31519466654d6bae2a67ae6') in 0.062484 seconds
Number of updated asset objects reloaded before import = 0
Number of asset objects unloaded after import = 12
========================================================================
Received Import Request.
  Time since last request: 0.000064 seconds.
  path: Assets/Ultimate Platformer Pack by Quaternius/Ultimate Platformer Pack - Dec 2021/Level and Mechanics/OBJ/Fence_Middle.obj
  artifactKey: Guid(cf37e64e03904b543adfd6ff66adcdec) Importer(815301076,1909f56bfc062723c751e8b465ee728b)
Start importing Assets/Ultimate Platformer Pack by Quaternius/Ultimate Platformer Pack - Dec 2021/Level and Mechanics/OBJ/Fence_Middle.obj using Guid(cf37e64e03904b543adfd6ff66adcdec) Importer(815301076,1909f56bfc062723c751e8b465ee728b)  -> (artifact id: '0494e131c73b8ddd6a04c9f3a72cd18b') in 0.057879 seconds
Number of updated asset objects reloaded before import = 0
Number of asset objects unloaded after import = 11
========================================================================
Received Import Request.
  Time since last request: 0.000028 seconds.
  path: Assets/Ultimate Platformer Pack by Quaternius/Ultimate Platformer Pack - Dec 2021/Level and Mechanics/OBJ/Bridge_Small.obj
  artifactKey: Guid(1ae99b6523bc1384bbcb6fa6a2fc7290) Importer(815301076,1909f56bfc062723c751e8b465ee728b)
Start importing Assets/Ultimate Platformer Pack by Quaternius/Ultimate Platformer Pack - Dec 2021/Level and Mechanics/OBJ/Bridge_Small.obj using Guid(1ae99b6523bc1384bbcb6fa6a2fc7290) Importer(815301076,1909f56bfc062723c751e8b465ee728b)  -> (artifact id: 'f85cb893916294c481c5f9c388ae106f') in 0.047063 seconds
Number of updated asset objects reloaded before import = 0
Number of asset objects unloaded after import = 10
========================================================================
Received Import Request.
  Time since last request: 0.000028 seconds.
  path: Assets/Ultimate Platformer Pack by Quaternius/Ultimate Platformer Pack - Dec 2021/Level and Mechanics/OBJ/Goal_Flag.obj
  artifactKey: Guid(07766e691e609d14781844a50ddb1289) Importer(815301076,1909f56bfc062723c751e8b465ee728b)
Start importing Assets/Ultimate Platformer Pack by Quaternius/Ultimate Platformer Pack - Dec 2021/Level and Mechanics/OBJ/Goal_Flag.obj using Guid(07766e691e609d14781844a50ddb1289) Importer(815301076,1909f56bfc062723c751e8b465ee728b)  -> (artifact id: '8139a7a15a99d02de4d364fba15876da') in 0.053297 seconds
Number of updated asset objects reloaded before import = 0
Number of asset objects unloaded after import = 11
========================================================================
Received Import Request.
  Time since last request: 0.000029 seconds.
  path: Assets/Ultimate Platformer Pack by Quaternius/Ultimate Platformer Pack - Dec 2021/Level and Mechanics/OBJ/Fence_Corner.obj
  artifactKey: Guid(bb290cfdf42efb84c93104cee5f2c89b) Importer(815301076,1909f56bfc062723c751e8b465ee728b)
Start importing Assets/Ultimate Platformer Pack by Quaternius/Ultimate Platformer Pack - Dec 2021/Level and Mechanics/OBJ/Fence_Corner.obj using Guid(bb290cfdf42efb84c93104cee5f2c89b) Importer(815301076,1909f56bfc062723c751e8b465ee728b)  -> (artifact id: 'a02fcb711eccb8df1b94d95d8b5d0e76') in 0.059796 seconds
Number of updated asset objects reloaded before import = 0
Number of asset objects unloaded after import = 11
========================================================================
Received Import Request.
  Time since last request: 0.000040 seconds.
  path: Assets/Ultimate Platformer Pack by Quaternius/Ultimate Platformer Pack - Dec 2021/Level and Mechanics/OBJ/Bouncer.obj
  artifactKey: Guid(66c07d8af5e08cf43b3e2deb39a6b9da) Importer(815301076,1909f56bfc062723c751e8b465ee728b)
Start importing Assets/Ultimate Platformer Pack by Quaternius/Ultimate Platformer Pack - Dec 2021/Level and Mechanics/OBJ/Bouncer.obj using Guid(66c07d8af5e08cf43b3e2deb39a6b9da) Importer(815301076,1909f56bfc062723c751e8b465ee728b)  -> (artifact id: 'b244cdac83170a6108d26cc175240132') in 0.050621 seconds
Number of updated asset objects reloaded before import = 0
Number of asset objects unloaded after import = 11
========================================================================
Received Import Request.
  Time since last request: 0.000048 seconds.
  path: Assets/Ultimate Platformer Pack by Quaternius/Ultimate Platformer Pack - Dec 2021/Level and Mechanics/OBJ/Door.obj
  artifactKey: Guid(4afafdd2dda8218458b094e90fa4cc46) Importer(815301076,1909f56bfc062723c751e8b465ee728b)
Start importing Assets/Ultimate Platformer Pack by Quaternius/Ultimate Platformer Pack - Dec 2021/Level and Mechanics/OBJ/Door.obj using Guid(4afafdd2dda8218458b094e90fa4cc46) Importer(815301076,1909f56bfc062723c751e8b465ee728b)  -> (artifact id: '9d3c701d93658931050a3592cf8727d2') in 0.070482 seconds
Number of updated asset objects reloaded before import = 0
Number of asset objects unloaded after import = 13
========================================================================
Received Import Request.
  Time since last request: 0.000026 seconds.
  path: Assets/Ultimate Platformer Pack by Quaternius/Ultimate Platformer Pack - Dec 2021/Level and Mechanics/OBJ/Bridge_Modular_Center.obj
  artifactKey: Guid(bac0dd0f325702a439aae231f1d6b5f6) Importer(815301076,1909f56bfc062723c751e8b465ee728b)
Start importing Assets/Ultimate Platformer Pack by Quaternius/Ultimate Platformer Pack - Dec 2021/Level and Mechanics/OBJ/Bridge_Modular_Center.obj using Guid(bac0dd0f325702a439aae231f1d6b5f6) Importer(815301076,1909f56bfc062723c751e8b465ee728b)  -> (artifact id: '6b46276c96e52c9019fe2c9685f826ad') in 0.050049 seconds
Number of updated asset objects reloaded before import = 0
Number of asset objects unloaded after import = 10
========================================================================
Received Import Request.
  Time since last request: 1.086857 seconds.
  path: Assets/Ultimate Platformer Pack by Quaternius/Ultimate Platformer Pack - Dec 2021/Level and Mechanics/OBJ/Lever.obj
  artifactKey: Guid(7cffeaca9aae85443897bb0600646490) Importer(815301076,1909f56bfc062723c751e8b465ee728b)
Start importing Assets/Ultimate Platformer Pack by Quaternius/Ultimate Platformer Pack - Dec 2021/Level and Mechanics/OBJ/Lever.obj using Guid(7cffeaca9aae85443897bb0600646490) Importer(815301076,1909f56bfc062723c751e8b465ee728b)  -> (artifact id: '95d60bb8449c38a48e1c9585f2bcaf3e') in 0.084025 seconds
Number of updated asset objects reloaded before import = 0
Number of asset objects unloaded after import = 12
========================================================================
Received Import Request.
  Time since last request: 0.000035 seconds.
  path: Assets/Ultimate Platformer Pack by Quaternius/Ultimate Platformer Pack - Dec 2021/Level and Mechanics/OBJ/Numbers_2.obj
  artifactKey: Guid(7e573bfcc9c3f214d918507284439e18) Importer(815301076,1909f56bfc062723c751e8b465ee728b)
Start importing Assets/Ultimate Platformer Pack by Quaternius/Ultimate Platformer Pack - Dec 2021/Level and Mechanics/OBJ/Numbers_2.obj using Guid(7e573bfcc9c3f214d918507284439e18) Importer(815301076,1909f56bfc062723c751e8b465ee728b)  -> (artifact id: 'b00616ca9e562aa42746e2674630ebc5') in 0.044600 seconds
Number of updated asset objects reloaded before import = 0
Number of asset objects unloaded after import = 10
========================================================================
Received Import Request.
  Time since last request: 0.000175 seconds.
  path: Assets/Ultimate Platformer Pack by Quaternius/Ultimate Platformer Pack - Dec 2021/Level and Mechanics/OBJ/Numbers_1.obj
  artifactKey: Guid(b9c28d0da0430ff4db14b9b24bf70cdb) Importer(815301076,1909f56bfc062723c751e8b465ee728b)
Start importing Assets/Ultimate Platformer Pack by Quaternius/Ultimate Platformer Pack - Dec 2021/Level and Mechanics/OBJ/Numbers_1.obj using Guid(b9c28d0da0430ff4db14b9b24bf70cdb) Importer(815301076,1909f56bfc062723c751e8b465ee728b)  -> (artifact id: 'ec33f0b678728967902a4e8323c162b2') in 0.048332 seconds
Number of updated asset objects reloaded before import = 0
Number of asset objects unloaded after import = 10
========================================================================
Received Import Request.
  Time since last request: 0.738815 seconds.
  path: Assets/Ultimate Platformer Pack by Quaternius/Ultimate Platformer Pack - Dec 2021/Level and Mechanics/OBJ/Numbers_5.obj
  artifactKey: Guid(f20ec3abefcbc8d428fa928a9134e435) Importer(815301076,1909f56bfc062723c751e8b465ee728b)
Start importing Assets/Ultimate Platformer Pack by Quaternius/Ultimate Platformer Pack - Dec 2021/Level and Mechanics/OBJ/Numbers_5.obj using Guid(f20ec3abefcbc8d428fa928a9134e435) Importer(815301076,1909f56bfc062723c751e8b465ee728b)  -> (artifact id: '8ec62ba0e79afc78fba099fb5545546c') in 0.049596 seconds
Number of updated asset objects reloaded before import = 0
Number of asset objects unloaded after import = 10
========================================================================
Received Import Request.
  Time since last request: 0.000056 seconds.
  path: Assets/Ultimate Platformer Pack by Quaternius/Ultimate Platformer Pack - Dec 2021/Level and Mechanics/OBJ/Numbers_7.obj
  artifactKey: Guid(6a68db8f240865e45b88fb7ed7cd6a30) Importer(815301076,1909f56bfc062723c751e8b465ee728b)
Start importing Assets/Ultimate Platformer Pack by Quaternius/Ultimate Platformer Pack - Dec 2021/Level and Mechanics/OBJ/Numbers_7.obj using Guid(6a68db8f240865e45b88fb7ed7cd6a30) Importer(815301076,1909f56bfc062723c751e8b465ee728b)  -> (artifact id: '1bf6baaa67d8da29a1ac2fcc0f86e1f2') in 0.048174 seconds
Number of updated asset objects reloaded before import = 0
Number of asset objects unloaded after import = 10
========================================================================
Received Import Request.
  Time since last request: 0.000041 seconds.
  path: Assets/Ultimate Platformer Pack by Quaternius/Ultimate Platformer Pack - Dec 2021/Level and Mechanics/OBJ/Numbers_6.obj
  artifactKey: Guid(43f9c213ded7fb54e90cb2d9df76fc6d) Importer(815301076,1909f56bfc062723c751e8b465ee728b)
Start importing Assets/Ultimate Platformer Pack by Quaternius/Ultimate Platformer Pack - Dec 2021/Level and Mechanics/OBJ/Numbers_6.obj using Guid(43f9c213ded7fb54e90cb2d9df76fc6d) Importer(815301076,1909f56bfc062723c751e8b465ee728b)  -> (artifact id: 'ab4aec43a68e0893d0df523b83ee57be') in 0.049280 seconds
Number of updated asset objects reloaded before import = 0
Number of asset objects unloaded after import = 10
========================================================================
Received Import Request.
  Time since last request: 9.014723 seconds.
  path: Assets/Ultimate Platformer Pack by Quaternius/Ultimate Platformer Pack - Dec 2021/Level and Mechanics/OBJ/Pipe_Straight.obj
  artifactKey: Guid(890cf2a9ba9d14143895cf54a2d8341b) Importer(815301076,1909f56bfc062723c751e8b465ee728b)
Start importing Assets/Ultimate Platformer Pack by Quaternius/Ultimate Platformer Pack - Dec 2021/Level and Mechanics/OBJ/Pipe_Straight.obj using Guid(890cf2a9ba9d14143895cf54a2d8341b) Importer(815301076,1909f56bfc062723c751e8b465ee728b)  -> (artifact id: 'dc58e7c538c24f83f16fc6bde28f9b0a') in 0.134768 seconds
Number of updated asset objects reloaded before import = 0
Number of asset objects unloaded after import = 11
========================================================================
Received Import Request.
  Time since last request: 0.000041 seconds.
  path: Assets/Ultimate Platformer Pack by Quaternius/Ultimate Platformer Pack - Dec 2021/Level and Mechanics/OBJ/Plant_Large.obj
  artifactKey: Guid(9f0061217d34fef4ba3df365ad7af95d) Importer(815301076,1909f56bfc062723c751e8b465ee728b)
Start importing Assets/Ultimate Platformer Pack by Quaternius/Ultimate Platformer Pack - Dec 2021/Level and Mechanics/OBJ/Plant_Large.obj using Guid(9f0061217d34fef4ba3df365ad7af95d) Importer(815301076,1909f56bfc062723c751e8b465ee728b)  -> (artifact id: 'b716057759870d7cccb85fc4af5dcd08') in 0.080078 seconds
Number of updated asset objects reloaded before import = 0
Number of asset objects unloaded after import = 11
========================================================================
Received Import Request.
  Time since last request: 0.214972 seconds.
  path: Assets/Ultimate Platformer Pack by Quaternius/Ultimate Platformer Pack - Dec 2021/Level and Mechanics/OBJ/SpikyBall.obj
  artifactKey: Guid(5b23ad230ae041e419dfa3fb15aa30dc) Importer(815301076,1909f56bfc062723c751e8b465ee728b)
Start importing Assets/Ultimate Platformer Pack by Quaternius/Ultimate Platformer Pack - Dec 2021/Level and Mechanics/OBJ/SpikyBall.obj using Guid(5b23ad230ae041e419dfa3fb15aa30dc) Importer(815301076,1909f56bfc062723c751e8b465ee728b)  -> (artifact id: '1c432e84277ea7e0a508abbab085fad4') in 0.065508 seconds
Number of updated asset objects reloaded before import = 0
Number of asset objects unloaded after import = 12
========================================================================
Received Import Request.
  Time since last request: 0.000029 seconds.
  path: Assets/Ultimate Platformer Pack by Quaternius/Ultimate Platformer Pack - Dec 2021/Level and Mechanics/OBJ/Stairs.obj
  artifactKey: Guid(c3a208172c5416449a217dcfd74849a5) Importer(815301076,1909f56bfc062723c751e8b465ee728b)
Start importing Assets/Ultimate Platformer Pack by Quaternius/Ultimate Platformer Pack - Dec 2021/Level and Mechanics/OBJ/Stairs.obj using Guid(c3a208172c5416449a217dcfd74849a5) Importer(815301076,1909f56bfc062723c751e8b465ee728b)  -> (artifact id: '9fda597f563b7d3ee01884731c804d0e') in 0.061690 seconds
Number of updated asset objects reloaded before import = 0
Number of asset objects unloaded after import = 11
========================================================================
Received Import Request.
  Time since last request: 37.100597 seconds.
  path: Assets/Ultimate Platformer Pack by Quaternius/Ultimate Platformer Pack - Dec 2021/Level and Mechanics/FBX/Arrow_Up.fbx
  artifactKey: Guid(7183eec7f0b4edd42a9ca6e04df9338a) Importer(815301076,1909f56bfc062723c751e8b465ee728b)
Start importing Assets/Ultimate Platformer Pack by Quaternius/Ultimate Platformer Pack - Dec 2021/Level and Mechanics/FBX/Arrow_Up.fbx using Guid(7183eec7f0b4edd42a9ca6e04df9338a) Importer(815301076,1909f56bfc062723c751e8b465ee728b)  -> (artifact id: '1f136798f79311df0d154289b6fdb52c') in 0.104394 seconds
Number of updated asset objects reloaded before import = 0
Number of asset objects unloaded after import = 9
========================================================================
Received Import Request.
  Time since last request: 0.000064 seconds.
  path: Assets/Ultimate Platformer Pack by Quaternius/Ultimate Platformer Pack - Dec 2021/Level and Mechanics/FBX/Fence_Middle.fbx
  artifactKey: Guid(0c06c7eec96f31e4bbcf92b5e63eb9d0) Importer(815301076,1909f56bfc062723c751e8b465ee728b)
Start importing Assets/Ultimate Platformer Pack by Quaternius/Ultimate Platformer Pack - Dec 2021/Level and Mechanics/FBX/Fence_Middle.fbx using Guid(0c06c7eec96f31e4bbcf92b5e63eb9d0) Importer(815301076,1909f56bfc062723c751e8b465ee728b)  -> (artifact id: '581691d976c0965f07ac026c2dd1af33') in 0.281716 seconds
Number of updated asset objects reloaded before import = 0
Number of asset objects unloaded after import = 9
========================================================================
Received Import Request.
  Time since last request: 0.000229 seconds.
  path: Assets/Ultimate Platformer Pack by Quaternius/Ultimate Platformer Pack - Dec 2021/Level and Mechanics/FBX/Lever.fbx
  artifactKey: Guid(d5f50d6d141e5f2499436030d12a6d6c) Importer(815301076,1909f56bfc062723c751e8b465ee728b)
Start importing Assets/Ultimate Platformer Pack by Quaternius/Ultimate Platformer Pack - Dec 2021/Level and Mechanics/FBX/Lever.fbx using Guid(d5f50d6d141e5f2499436030d12a6d6c) Importer(815301076,1909f56bfc062723c751e8b465ee728b)  -> (artifact id: 'a16261e0fcede9754775ca3c1217df62') in 0.157138 seconds
Number of updated asset objects reloaded before import = 0
Number of asset objects unloaded after import = 23
========================================================================
Received Import Request.
  Time since last request: 0.000034 seconds.
  path: Assets/Ultimate Platformer Pack by Quaternius/Ultimate Platformer Pack - Dec 2021/Level and Mechanics/FBX/Numbers_5.fbx
  artifactKey: Guid(719806dd5baa4ca4ca9e03e078ae9412) Importer(815301076,1909f56bfc062723c751e8b465ee728b)
Start importing Assets/Ultimate Platformer Pack by Quaternius/Ultimate Platformer Pack - Dec 2021/Level and Mechanics/FBX/Numbers_5.fbx using Guid(719806dd5baa4ca4ca9e03e078ae9412) Importer(815301076,1909f56bfc062723c751e8b465ee728b)  -> (artifact id: '18718e7504498dfa1d92638e3a6e9f04') in 0.046260 seconds
Number of updated asset objects reloaded before import = 0
Number of asset objects unloaded after import = 8
========================================================================
Received Import Request.
  Time since last request: 0.000037 seconds.
  path: Assets/Ultimate Platformer Pack by Quaternius/Ultimate Platformer Pack - Dec 2021/Level and Mechanics/FBX/Hazard_Saw.fbx
  artifactKey: Guid(52173a20b0ae2ef4387a0bc202a27e6e) Importer(815301076,1909f56bfc062723c751e8b465ee728b)
Start importing Assets/Ultimate Platformer Pack by Quaternius/Ultimate Platformer Pack - Dec 2021/Level and Mechanics/FBX/Hazard_Saw.fbx using Guid(52173a20b0ae2ef4387a0bc202a27e6e) Importer(815301076,1909f56bfc062723c751e8b465ee728b)  -> (artifact id: '6ecef42e93359354086b14c619755845') in 0.047185 seconds
Number of updated asset objects reloaded before import = 0
Number of asset objects unloaded after import = 8
========================================================================
Received Import Request.
  Time since last request: 0.000056 seconds.
  path: Assets/Ultimate Platformer Pack by Quaternius/Ultimate Platformer Pack - Dec 2021/Level and Mechanics/FBX/Bridge_Modular_Center.fbx
  artifactKey: Guid(dd59968d242e21740afb12bc72079aca) Importer(815301076,1909f56bfc062723c751e8b465ee728b)
Start importing Assets/Ultimate Platformer Pack by Quaternius/Ultimate Platformer Pack - Dec 2021/Level and Mechanics/FBX/Bridge_Modular_Center.fbx using Guid(dd59968d242e21740afb12bc72079aca) Importer(815301076,1909f56bfc062723c751e8b465ee728b)  -> (artifact id: 'b52db0cde651be22a3a753d6e1df782d') in 0.036727 seconds
Number of updated asset objects reloaded before import = 0
Number of asset objects unloaded after import = 8
========================================================================
Received Import Request.
  Time since last request: 0.000043 seconds.
  path: Assets/Ultimate Platformer Pack by Quaternius/Ultimate Platformer Pack - Dec 2021/Level and Mechanics/FBX/Door.fbx
  artifactKey: Guid(6e4965255d6edd746a686f1f0003adef) Importer(815301076,1909f56bfc062723c751e8b465ee728b)
Start importing Assets/Ultimate Platformer Pack by Quaternius/Ultimate Platformer Pack - Dec 2021/Level and Mechanics/FBX/Door.fbx using Guid(6e4965255d6edd746a686f1f0003adef) Importer(815301076,1909f56bfc062723c751e8b465ee728b)  -> (artifact id: 'be9d164a981b381f8346914da7f9adb0') in 0.089788 seconds
Number of updated asset objects reloaded before import = 0
Number of asset objects unloaded after import = 18
========================================================================
Received Import Request.
  Time since last request: 0.000036 seconds.
  path: Assets/Ultimate Platformer Pack by Quaternius/Ultimate Platformer Pack - Dec 2021/Level and Mechanics/FBX/Numbers_2.fbx
  artifactKey: Guid(43811400b8ab54d48a63485cb3f6202a) Importer(815301076,1909f56bfc062723c751e8b465ee728b)
Start importing Assets/Ultimate Platformer Pack by Quaternius/Ultimate Platformer Pack - Dec 2021/Level and Mechanics/FBX/Numbers_2.fbx using Guid(43811400b8ab54d48a63485cb3f6202a) Importer(815301076,1909f56bfc062723c751e8b465ee728b)  -> (artifact id: 'd8797a40b1c29b533ae9fd3e762e04ff') in 0.056564 seconds
Number of updated asset objects reloaded before import = 0
Number of asset objects unloaded after import = 8
========================================================================
Received Import Request.
  Time since last request: 0.000032 seconds.
  path: Assets/Ultimate Platformer Pack by Quaternius/Ultimate Platformer Pack - Dec 2021/Level and Mechanics/FBX/Pipe_T.fbx
  artifactKey: Guid(29c47eb7d6955394c9d8f9ee672b8b79) Importer(815301076,1909f56bfc062723c751e8b465ee728b)
Start importing Assets/Ultimate Platformer Pack by Quaternius/Ultimate Platformer Pack - Dec 2021/Level and Mechanics/FBX/Pipe_T.fbx using Guid(29c47eb7d6955394c9d8f9ee672b8b79) Importer(815301076,1909f56bfc062723c751e8b465ee728b)  -> (artifact id: '859f76e76ac8b193a872679cf339de39') in 0.041219 seconds
Number of updated asset objects reloaded before import = 0
Number of asset objects unloaded after import = 8
========================================================================
Received Import Request.
  Time since last request: 0.000052 seconds.
  path: Assets/Ultimate Platformer Pack by Quaternius/Ultimate Platformer Pack - Dec 2021/Level and Mechanics/FBX/Plant_Large.fbx
  artifactKey: Guid(2a3e960eb16793042ac539ab332c26d7) Importer(815301076,1909f56bfc062723c751e8b465ee728b)
Start importing Assets/Ultimate Platformer Pack by Quaternius/Ultimate Platformer Pack - Dec 2021/Level and Mechanics/FBX/Plant_Large.fbx using Guid(2a3e960eb16793042ac539ab332c26d7) Importer(815301076,1909f56bfc062723c751e8b465ee728b)  -> (artifact id: 'a2d3d9f68673c9961c35a224c922ff96') in 0.052782 seconds
Number of updated asset objects reloaded before import = 0
Number of asset objects unloaded after import = 9
========================================================================
Received Import Request.
  Time since last request: 0.000038 seconds.
  path: Assets/Ultimate Platformer Pack by Quaternius/Ultimate Platformer Pack - Dec 2021/Level and Mechanics/FBX/Plant_Small.fbx
  artifactKey: Guid(4a94ed68490c3a545ba6f10494116e18) Importer(815301076,1909f56bfc062723c751e8b465ee728b)
Start importing Assets/Ultimate Platformer Pack by Quaternius/Ultimate Platformer Pack - Dec 2021/Level and Mechanics/FBX/Plant_Small.fbx using Guid(4a94ed68490c3a545ba6f10494116e18) Importer(815301076,1909f56bfc062723c751e8b465ee728b)  -> (artifact id: 'e089abf0f0e8cf276c3a6065c3e5ce14') in 0.039018 seconds
Number of updated asset objects reloaded before import = 0
Number of asset objects unloaded after import = 8
========================================================================
Received Import Request.
  Time since last request: 0.000057 seconds.
  path: Assets/Ultimate Platformer Pack by Quaternius/Ultimate Platformer Pack - Dec 2021/Level and Mechanics/FBX/Cannon.fbx
  artifactKey: Guid(ea788a8852a83a0458336147fb531a4c) Importer(815301076,1909f56bfc062723c751e8b465ee728b)
Start importing Assets/Ultimate Platformer Pack by Quaternius/Ultimate Platformer Pack - Dec 2021/Level and Mechanics/FBX/Cannon.fbx using Guid(ea788a8852a83a0458336147fb531a4c) Importer(815301076,1909f56bfc062723c751e8b465ee728b)  -> (artifact id: '7264189d6c3c6f6934709edf4e3183ad') in 0.085203 seconds
Number of updated asset objects reloaded before import = 0
Number of asset objects unloaded after import = 19
========================================================================
Received Prepare
Begin MonoManager ReloadAssembly
- Loaded All Assemblies, in  1.317 seconds
Refreshing native plugins compatible for Editor in 6.33 ms, found 3 plugins.
Native extension for WindowsStandalone target not found
Native extension for WebGL target not found
[Package Manager] Server::EnsureServerProcessIsRunning -- launch failed, reason: Unity was launched with the -noUpm command-line argument
[Package Manager] UpmClient::Send -- Unable to send message (not connected to UPM process).
[Package Manager] Cannot connect to Unity Package Manager local server
Mono: successfully reloaded assembly
- Finished resetting the current domain, in  4.430 seconds
Domain Reload Profiling: 5741ms
	BeginReloadAssembly (403ms)
		ExecutionOrderSort (0ms)
		DisableScriptedObjects (11ms)
		BackupInstance (0ms)
		ReleaseScriptingObjects (1ms)
		CreateAndSetChildDomain (105ms)
	RebuildCommonClasses (96ms)
	RebuildNativeTypeToScriptingClass (33ms)
	initialDomainReloadingComplete (103ms)
	LoadAllAssembliesAndSetupDomain (675ms)
		LoadAssemblies (871ms)
		RebuildTransferFunctionScriptingTraits (0ms)
		AnalyzeDomain (24ms)
			TypeCache.Refresh (10ms)
				TypeCache.ScanAssembly (0ms)
			ScanForSourceGeneratedMonoScriptInfo (0ms)
			ResolveRequiredComponents (12ms)
	FinalizeReload (4431ms)
		ReleaseScriptCaches (0ms)
		RebuildScriptCaches (0ms)
		SetupLoadedEditorAssemblies (1619ms)
			LogAssemblyErrors (0ms)
			InitializePlatformSupportModulesInManaged (14ms)
			SetLoadedEditorAssemblies (8ms)
			RefreshPlugins (0ms)
			BeforeProcessingInitializeOnLoad (146ms)
			ProcessInitializeOnLoadAttributes (1169ms)
			ProcessInitializeOnLoadMethodAttributes (256ms)
			AfterProcessingInitializeOnLoad (26ms)
			EditorAssembliesLoaded (1ms)
		ExecutionOrderSort2 (0ms)
		AwakeInstancesAfterBackupRestoration (16ms)
Refreshing native plugins compatible for Editor in 6.61 ms, found 3 plugins.
Preloading 0 native plugins for Editor in 0.00 ms.
Unloading 3975 Unused Serialized files (Serialized files now loaded: 0)
Unloading 27 unused Assets / (157.8 KB). Loaded Objects now: 4528.
Memory consumption went from 153.2 MB to 153.0 MB.
Total: 9.906300 ms (FindLiveObjects: 0.554700 ms CreateObjectMapping: 0.237400 ms MarkObjects: 8.830600 ms  DeleteObjects: 0.281300 ms)

Prepare: number of updated asset objects reloaded= 0
AssetImportParameters requested are different than current active one (requested -> active):
  custom:container-demuxer-ogg: 62fdf1f143b41e24485cea50d1cbac27 -> 
  custom:video-decoder-ogg-theora: a1e56fd34408186e4bbccfd4996cb3dc -> 
  custom:framework-win-MediaFoundation: 216162199b28c13a410421893ffa2e32 -> 
  custom:CustomObjectIndexerAttribute: 6d391050e5a25f67b0a2c618074f2cd9 -> 
  custom:container-demuxer-webm: 4f35f7cbe854078d1ac9338744f61a02 -> 
  custom:container-muxer-webm: aa71ff27fc2769a1b78a27578f13a17b -> 
  custom:video-decoder-webm-vp8: 9c59270c3fd7afecdb556c50c9e8de78 -> 
  custom:SearchIndexIgnoredProperties: e643bd26f0fe6173181afceb89e7c659 -> 
  custom:AudioImporter_EditorPlatform: d09bf68614088b80899f8185d706f6e7 -> 
  custom:video-encoder-webm-vp8: eb34c28f22e8b96e1ab97ce403110664 -> 
  custom:audio-decoder-ogg-vorbis: bf7c407c2cedff20999df2af8eb42d56 -> 
  custom:audio-encoder-webm-vorbis: bf7c407c2cedff20999df2af8eb42d56 -> 
========================================================================
Received Import Request.
  Time since last request: 90.922466 seconds.
  path: Assets/Ultimate Platformer Pack by Quaternius/Ultimate Platformer Pack - Dec 2021/Cubes/OBJ/Cube_Crate.obj
  artifactKey: Guid(a0f95b2729bcba44dbd059f279852eec) Importer(815301076,1909f56bfc062723c751e8b465ee728b)
Start importing Assets/Ultimate Platformer Pack by Quaternius/Ultimate Platformer Pack - Dec 2021/Cubes/OBJ/Cube_Crate.obj using Guid(a0f95b2729bcba44dbd059f279852eec) Importer(815301076,1909f56bfc062723c751e8b465ee728b)  -> (artifact id: '1b10f6a645e21c7663d988f7e7effc1c') in 0.333964 seconds
Number of updated asset objects reloaded before import = 0
Number of asset objects unloaded after import = 11
========================================================================
Received Import Request.
  Time since last request: 0.000117 seconds.
  path: Assets/Ultimate Platformer Pack by Quaternius/Ultimate Platformer Pack - Dec 2021/Cubes/OBJ/Cube_Default.obj
  artifactKey: Guid(70f9774405740fd49a66d268100a6b51) Importer(815301076,1909f56bfc062723c751e8b465ee728b)
Start importing Assets/Ultimate Platformer Pack by Quaternius/Ultimate Platformer Pack - Dec 2021/Cubes/OBJ/Cube_Default.obj using Guid(70f9774405740fd49a66d268100a6b51) Importer(815301076,1909f56bfc062723c751e8b465ee728b)  -> (artifact id: '04a63863d7054ab5750219b793d911dc') in 0.084623 seconds
Number of updated asset objects reloaded before import = 0
Number of asset objects unloaded after import = 11
========================================================================
Received Import Request.
  Time since last request: 0.000054 seconds.
  path: Assets/Ultimate Platformer Pack by Quaternius/Ultimate Platformer Pack - Dec 2021/Cubes/OBJ/Cube_Dirt_Single.obj
  artifactKey: Guid(c9676a564f700344095b9d1974b4a93a) Importer(815301076,1909f56bfc062723c751e8b465ee728b)
Start importing Assets/Ultimate Platformer Pack by Quaternius/Ultimate Platformer Pack - Dec 2021/Cubes/OBJ/Cube_Dirt_Single.obj using Guid(c9676a564f700344095b9d1974b4a93a) Importer(815301076,1909f56bfc062723c751e8b465ee728b)  -> (artifact id: '8e1718bb2017908f941e6792c6d50fb1') in 0.073677 seconds
Number of updated asset objects reloaded before import = 0
Number of asset objects unloaded after import = 12
========================================================================
Received Import Request.
  Time since last request: 0.000041 seconds.
  path: Assets/Ultimate Platformer Pack by Quaternius/Ultimate Platformer Pack - Dec 2021/Cubes/OBJ/Cube_Question.obj
  artifactKey: Guid(c3e66e149212f7f40a822e0141495eac) Importer(815301076,1909f56bfc062723c751e8b465ee728b)
Start importing Assets/Ultimate Platformer Pack by Quaternius/Ultimate Platformer Pack - Dec 2021/Cubes/OBJ/Cube_Question.obj using Guid(c3e66e149212f7f40a822e0141495eac) Importer(815301076,1909f56bfc062723c751e8b465ee728b)  -> (artifact id: '78fbe88c2411d533e023bf53955cd248') in 0.074467 seconds
Number of updated asset objects reloaded before import = 0
Number of asset objects unloaded after import = 12
Editor requested this worker to shutdown with reason: Scaling down because of idle timeout
TcpMessagingSession - receive error: operation aborted. errorcode: 995, details: The I/O operation has been aborted because of either a thread exit or an application request.
AssetImportWorker is now disconnected from the server
Process exiting
Exiting without the bug reporter. Application will terminate with return code 0